<?xml version="1.0" encoding="UTF-8"?>
<testng-results skipped="0" failed="0" total="1" passed="1">
  <reporter-output>
  </reporter-output>
  <suite name="Default suite" duration-ms="24482" started-at="2014-04-18T11:23:10Z" finished-at="2014-04-18T11:23:35Z">
    <groups>
    </groups>
    <test name="Default test" duration-ms="24482" started-at="2014-04-18T11:23:10Z" finished-at="2014-04-18T11:23:35Z">
      <class name="com.baidu.gameqa.generation.DoubiPayTestCase">
        <test-method status="PASS" signature="beforeTestMethod()[pri:0, instance:com.baidu.gameqa.generation.DoubiPayTestCase@3bb2b8]" name="beforeTestMethod" is-config="true" duration-ms="30" started-at="2014-04-18T19:23:10Z" finished-at="2014-04-18T19:23:10Z">
          <reporter-output>
          </reporter-output>
        </test-method> <!-- beforeTestMethod -->
        <test-method status="PASS" signature="beforeMethod()[pri:0, instance:com.baidu.gameqa.generation.DoubiPayTestCase@3bb2b8]" name="beforeMethod" is-config="true" duration-ms="1" started-at="2014-04-18T19:23:10Z" finished-at="2014-04-18T19:23:10Z">
          <reporter-output>
          </reporter-output>
        </test-method> <!-- beforeMethod -->
        <test-method status="PASS" signature="nihao()[pri:0, instance:com.baidu.gameqa.generation.DoubiPayTestCase@3bb2b8]" name="nihao" duration-ms="24350" started-at="2014-04-18T19:23:10Z" finished-at="2014-04-18T19:23:35Z">
          <reporter-output>
          </reporter-output>
        </test-method> <!-- nihao -->
        <test-method status="PASS" signature="afterMethod()[pri:0, instance:com.baidu.gameqa.generation.DoubiPayTestCase@3bb2b8]" name="afterMethod" is-config="true" duration-ms="1" started-at="2014-04-18T19:23:35Z" finished-at="2014-04-18T19:23:35Z">
          <reporter-output>
          </reporter-output>
        </test-method> <!-- afterMethod -->
        <test-method status="PASS" signature="afterClassMethod()[pri:0, instance:com.baidu.gameqa.generation.DoubiPayTestCase@3bb2b8]" name="afterClassMethod" is-config="true" duration-ms="0" started-at="2014-04-18T19:23:35Z" finished-at="2014-04-18T19:23:35Z">
          <reporter-output>
          </reporter-output>
        </test-method> <!-- afterClassMethod -->
        <test-method status="PASS" signature="afterTest()[pri:0, instance:com.baidu.gameqa.generation.DoubiPayTestCase@3bb2b8]" name="afterTest" is-config="true" duration-ms="66" started-at="2014-04-18T19:23:35Z" finished-at="2014-04-18T19:23:35Z">
          <reporter-output>
          </reporter-output>
        </test-method> <!-- afterTest -->
      </class> <!-- com.baidu.gameqa.generation.DoubiPayTestCase -->
    </test> <!-- Default test -->
  </suite> <!-- Default suite -->
</testng-results>
